# JRE version: Java(TM) SE Runtime Environment (8.0_60-b27) (build 1.8.0_60-b27)
# Java VM: Java HotSpot(TM) 64-Bit Server VM (25.60-b23 mixed mode windows-amd64 compressed oops)
Heap:
 PSYoungGen      total 221696K, used 84257K [0x00000000d5c00000, 0x00000000e4a00000, 0x0000000100000000)
  eden space 212480K, 39% used [0x00000000d5c00000,0x00000000dae487a8,0x00000000e2b80000)
  from space 9216K, 0% used [0x00000000e3480000,0x00000000e3480000,0x00000000e3d80000)
  to   space 9216K, 0% used [0x00000000e2b80000,0x00000000e2b80000,0x00000000e3480000)
 ParOldGen       total 78848K, used 34456K [0x0000000081400000, 0x0000000086100000, 0x00000000d5c00000)
  object space 78848K, 43% used [0x0000000081400000,0x00000000835a62d0,0x0000000086100000)
 Metaspace       used 52830K, capacity 54812K, committed 55040K, reserved 1099776K
  class space    used 6605K, capacity 7051K, committed 7168K, reserved 1048576K
GC Heap History (10 events):
Event: 30.402 GC heap before
{Heap before GC invocations=15 (full 2):
 PSYoungGen      total 221696K, used 221667K [0x00000000d5c00000, 0x00000000e4a00000, 0x0000000100000000)
  eden space 212480K, 100% used [0x00000000d5c00000,0x00000000e2b80000,0x00000000e2b80000)
  from space 9216K, 99% used [0x00000000e3480000,0x00000000e3d78e70,0x00000000e3d80000)
  to   space 9216K, 0% used [0x00000000e2b80000,0x00000000e2b80000,0x00000000e3480000)
 ParOldGen       total 78848K, used 18905K [0x0000000081400000, 0x0000000086100000, 0x00000000d5c00000)
  object space 78848K, 23% used [0x0000000081400000,0x0000000082676588,0x0000000086100000)
 Metaspace       used 47674K, capacity 49464K, committed 49792K, reserved 1093632K
  class space    used 6030K, capacity 6439K, committed 6528K, reserved 1048576K
Event: 30.411 GC heap after
Heap after GC invocations=15 (full 2):
 PSYoungGen      total 221696K, used 5128K [0x00000000d5c00000, 0x00000000e4a00000, 0x0000000100000000)
  eden space 212480K, 0% used [0x00000000d5c00000,0x00000000d5c00000,0x00000000e2b80000)
  from space 9216K, 55% used [0x00000000e2b80000,0x00000000e3082118,0x00000000e3480000)
  to   space 9216K, 0% used [0x00000000e3480000,0x00000000e3480000,0x00000000e3d80000)
 ParOldGen       total 78848K, used 25085K [0x0000000081400000, 0x0000000086100000, 0x00000000d5c00000)
  object space 78848K, 31% used [0x0000000081400000,0x0000000082c7f500,0x0000000086100000)
 Metaspace       used 47674K, capacity 49464K, committed 49792K, reserved 1093632K
  class space    used 6030K, capacity 6439K, committed 6528K, reserved 1048576K
}
Event: 31.778 GC heap before
{Heap before GC invocations=16 (full 2):
 PSYoungGen      total 221696K, used 217608K [0x00000000d5c00000, 0x00000000e4a00000, 0x0000000100000000)
  eden space 212480K, 100% used [0x00000000d5c00000,0x00000000e2b80000,0x00000000e2b80000)
  from space 9216K, 55% used [0x00000000e2b80000,0x00000000e3082118,0x00000000e3480000)
  to   space 9216K, 0% used [0x00000000e3480000,0x00000000e3480000,0x00000000e3d80000)
 ParOldGen       total 78848K, used 25085K [0x0000000081400000, 0x0000000086100000, 0x00000000d5c00000)
  object space 78848K, 31% used [0x0000000081400000,0x0000000082c7f500,0x0000000086100000)
 Metaspace       used 48677K, capacity 50564K, committed 50688K, reserved 1093632K
  class space    used 6188K, capacity 6603K, committed 6656K, reserved 1048576K
Event: 31.789 GC heap after
Heap after GC invocations=16 (full 2):
 PSYoungGen      total 221696K, used 9200K [0x00000000d5c00000, 0x00000000e4a00000, 0x0000000100000000)
  eden space 212480K, 0% used [0x00000000d5c00000,0x00000000d5c00000,0x00000000e2b80000)
  from space 9216K, 99% used [0x00000000e3480000,0x00000000e3d7c378,0x00000000e3d80000)
  to   space 9216K, 0% used [0x00000000e2b80000,0x00000000e2b80000,0x00000000e3480000)
 ParOldGen       total 78848K, used 30627K [0x0000000081400000, 0x0000000086100000, 0x00000000d5c00000)
  object space 78848K, 38% used [0x0000000081400000,0x00000000831e8f98,0x0000000086100000)
 Metaspace       used 48677K, capacity 50564K, committed 50688K, reserved 1093632K
  class space    used 6188K, capacity 6603K, committed 6656K, reserved 1048576K
}
Event: 32.440 GC heap before
{Heap before GC invocations=17 (full 2):
 PSYoungGen      total 221696K, used 221680K [0x00000000d5c00000, 0x00000000e4a00000, 0x0000000100000000)
  eden space 212480K, 100% used [0x00000000d5c00000,0x00000000e2b80000,0x00000000e2b80000)
  from space 9216K, 99% used [0x00000000e3480000,0x00000000e3d7c378,0x00000000e3d80000)
  to   space 9216K, 0% used [0x00000000e2b80000,0x00000000e2b80000,0x00000000e3480000)
 ParOldGen       total 78848K, used 30627K [0x0000000081400000, 0x0000000086100000, 0x00000000d5c00000)
  object space 78848K, 38% used [0x0000000081400000,0x00000000831e8f98,0x0000000086100000)
 Metaspace       used 50894K, capacity 52826K, committed 52864K, reserved 1095680K
  class space    used 6388K, capacity 6784K, committed 6784K, reserved 1048576K
Event: 32.448 GC heap after
Heap after GC invocations=17 (full 2):
 PSYoungGen      total 221696K, used 6266K [0x00000000d5c00000, 0x00000000e4a00000, 0x0000000100000000)
  eden space 212480K, 0% used [0x00000000d5c00000,0x00000000d5c00000,0x00000000e2b80000)
  from space 9216K, 67% used [0x00000000e2b80000,0x00000000e319e810,0x00000000e3480000)
  to   space 9216K, 0% used [0x00000000e3480000,0x00000000e3480000,0x00000000e3d80000)
 ParOldGen       total 78848K, used 36164K [0x0000000081400000, 0x0000000086100000, 0x00000000d5c00000)
  object space 78848K, 45% used [0x0000000081400000,0x0000000083751088,0x0000000086100000)
 Metaspace       used 50894K, capacity 52826K, committed 52864K, reserved 1095680K
  class space    used 6388K, capacity 6784K, committed 6784K, reserved 1048576K
}
Event: 32.465 GC heap before
{Heap before GC invocations=18 (full 2):
 PSYoungGen      total 221696K, used 8952K [0x00000000d5c00000, 0x00000000e4a00000, 0x0000000100000000)
  eden space 212480K, 1% used [0x00000000d5c00000,0x00000000d5e9fb38,0x00000000e2b80000)
  from space 9216K, 67% used [0x00000000e2b80000,0x00000000e319e810,0x00000000e3480000)
  to   space 9216K, 0% used [0x00000000e3480000,0x00000000e3480000,0x00000000e3d80000)
 ParOldGen       total 78848K, used 36164K [0x0000000081400000, 0x0000000086100000, 0x00000000d5c00000)
  object space 78848K, 45% used [0x0000000081400000,0x0000000083751088,0x0000000086100000)
 Metaspace       used 50931K, capacity 52826K, committed 52864K, reserved 1099776K
  class space    used 6390K, capacity 6784K, committed 6784K, reserved 1048576K
Event: 32.470 GC heap after
Heap after GC invocations=18 (full 2):
 PSYoungGen      total 221696K, used 337K [0x00000000d5c00000, 0x00000000e4a00000, 0x0000000100000000)
  eden space 212480K, 0% used [0x00000000d5c00000,0x00000000d5c00000,0x00000000e2b80000)
  from space 9216K, 3% used [0x00000000e3480000,0x00000000e34d44a8,0x00000000e3d80000)
  to   space 9216K, 0% used [0x00000000e2b80000,0x00000000e2b80000,0x00000000e3480000)
 ParOldGen       total 78848K, used 39830K [0x0000000081400000, 0x0000000086100000, 0x00000000d5c00000)
  object space 78848K, 50% used [0x0000000081400000,0x0000000083ae5910,0x0000000086100000)
 Metaspace       used 50931K, capacity 52826K, committed 52864K, reserved 1099776K
  class space    used 6390K, capacity 6784K, committed 6784K, reserved 1048576K
}
Event: 32.470 GC heap before
{Heap before GC invocations=19 (full 3):
 PSYoungGen      total 221696K, used 337K [0x00000000d5c00000, 0x00000000e4a00000, 0x0000000100000000)
  eden space 212480K, 0% used [0x00000000d5c00000,0x00000000d5c00000,0x00000000e2b80000)
  from space 9216K, 3% used [0x00000000e3480000,0x00000000e34d44a8,0x00000000e3d80000)
  to   space 9216K, 0% used [0x00000000e2b80000,0x00000000e2b80000,0x00000000e3480000)
 ParOldGen       total 78848K, used 39830K [0x0000000081400000, 0x0000000086100000, 0x00000000d5c00000)
  object space 78848K, 50% used [0x0000000081400000,0x0000000083ae5910,0x0000000086100000)
 Metaspace       used 50931K, capacity 52826K, committed 52864K, reserved 1099776K
  class space    used 6390K, capacity 6784K, committed 6784K, reserved 1048576K
Event: 32.707 GC heap after
Heap after GC invocations=19 (full 3):
 PSYoungGen      total 221696K, used 0K [0x00000000d5c00000, 0x00000000e4a00000, 0x0000000100000000)
  eden space 212480K, 0% used [0x00000000d5c00000,0x00000000d5c00000,0x00000000e2b80000)
  from space 9216K, 0% used [0x00000000e3480000,0x00000000e3480000,0x00000000e3d80000)
  to   space 9216K, 0% used [0x00000000e2b80000,0x00000000e2b80000,0x00000000e3480000)
 ParOldGen       total 78848K, used 34456K [0x0000000081400000, 0x0000000086100000, 0x00000000d5c00000)
  object space 78848K, 43% used [0x0000000081400000,0x00000000835a62d0,0x0000000086100000)
 Metaspace       used 50931K, capacity 52826K, committed 52864K, reserved 1097728K
  class space    used 6390K, capacity 6784K, committed 6784K, reserved 1048576K
}

